---------------------------------------------
[TOA] 2020-07-09 07:50:25  [IPV6] 127.0.0.1
[Country]  [City]  [State]  [ISP] 
 [Location] 
[UA] Mozilla/5.0 (Windows NT 6.1; Win64; x64; rv:78.0) Gecko/20100101 Firefox/78.0 [OS] Windows 7
 [Browser] Firefox
 [Device] Computer
[Tor Browser] False

---------------------------------------------
[TOA] 2020-07-09 11:08:18  [IPV6] 127.0.0.1
[Country]  [City]  [State]  [ISP] 
 [Location] 
[UA] Mozilla/5.0 (Windows NT 6.1; Win64; x64) AppleWebKit/537.36 (KHTML, like Gecko) Chrome/83.0.4103.116 Safari/537.36 [OS] Windows 7
 [Browser] Chrome
 [Device] Computer
[Tor Browser] False

---------------------------------------------
[TOA] 2020-07-09 11:33:46  [IPV6] 127.0.0.1
[Country]  [City]  [State]  [ISP] 
 [Location] 
[UA] Mozilla/5.0 (Windows NT 6.1; Win64; x64; rv:78.0) Gecko/20100101 Firefox/78.0 [OS] Windows 7
 [Browser] Firefox
 [Device] Computer
[Tor Browser] False

